
Showing logs for build [32mcb-kubecd-environment-pr-187-65-hcxx8-1[0m stage [32mfrom-build-pack[0m and container [32mstep-credential-initializer-kw5h9[0m
{"level":"warn","ts":1584874018.4884198,"logger":"fallback-logger","caller":"logging/config.go:69","msg":"Fetch GitHub commit ID from kodata failed: \"ref: refs/heads/0.8.0-**-support-backwards-incompats\" is not a valid GitHub commit ID"}
{"level":"info","ts":1584874018.4890494,"logger":"fallback-logger","caller":"creds-init/main.go:40","msg":"Credentials initialized."}

Showing logs for build [32mcb-kubecd-environment-pr-187-65-hcxx8-1[0m stage [32mfrom-build-pack[0m and container [32mstep-working-dir-initializer-m8gw7[0m
{"level":"warn","ts":1584874019.7878916,"logger":"fallback-logger","caller":"logging/config.go:69","msg":"Fetch GitHub commit ID from kodata failed: open /var/run/ko/HEAD: no such file or directory"}
{"level":"info","ts":1584874019.789633,"logger":"fallback-logger","caller":"bash/main.go:64","msg":"Successfully executed command \"sh -c mkdir -p /workspace/source\"; output "}

Showing logs for build [32mcb-kubecd-environment-pr-187-65-hcxx8-1[0m stage [32mfrom-build-pack[0m and container [32mstep-place-tools[0m

Showing logs for build [32mcb-kubecd-environment-pr-187-65-hcxx8-1[0m stage [32mfrom-build-pack[0m and container [32mstep-git-source-cb-kubecd-environment-pr-187-65-hcxx8-rjvhw[0m
{"level":"warn","ts":1584874023.9596312,"logger":"fallback-logger","caller":"logging/config.go:69","msg":"Fetch GitHub commit ID from kodata failed: \"ref: refs/heads/0.8.0-**-support-backwards-incompats\" is not a valid GitHub commit ID"}
{"level":"info","ts":1584874025.0334957,"logger":"fallback-logger","caller":"git/git.go:103","msg":"Successfully cloned https://github.com/cb-kubecd/environment-pr-187-65-boot-gke-staging.git @ master in path /workspace/source"}

Showing logs for build [32mcb-kubecd-environment-pr-187-65-hcxx8-1[0m stage [32mfrom-build-pack[0m and container [32mstep-git-merge[0m
Using SHAs from PULL_REFS=master:e284a6f14e7e0f32fb65066c97ff1ae16aca93f7,2:a5fcb24e3ce2872db6bcc59c6bdbadb2f159d052
DEBUG: LC_ALL=C JX_LOG_LEVEL=error git fetch origin --unshallow a5fcb24e3ce2872db6bcc59c6bdbadb2f159d052: e284a6f14e7e0f32fb65066c97ff1ae16aca93f7:
DEBUG: ran git fetch --unshallow origin a5fcb24e3ce2872db6bcc59c6bdbadb2f159d052: e284a6f14e7e0f32fb65066c97ff1ae16aca93f7: in 
DEBUG: LC_ALL=C JX_LOG_LEVEL=error git branch
DEBUG: LC_ALL=C JX_LOG_LEVEL=error git checkout master
DEBUG: ran git checkout master in 
DEBUG: LC_ALL=C JX_LOG_LEVEL=error git reset --hard e284a6f14e7e0f32fb65066c97ff1ae16aca93f7
DEBUG: ran git reset --hard e284a6f14e7e0f32fb65066c97ff1ae16aca93f7 in 
DEBUG: JX_LOG_LEVEL=error LC_ALL=C git clean -fd .
DEBUG: ran clean --force -d . in 
DEBUG: LC_ALL=C JX_LOG_LEVEL=error git merge a5fcb24e3ce2872db6bcc59c6bdbadb2f159d052
DEBUG: ran git merge a5fcb24e3ce2872db6bcc59c6bdbadb2f159d052 in 
DEBUG: LC_ALL=C JX_LOG_LEVEL=error git log --format=%H%x1f%an%x1f%ae%x1f%cn%x1f%ce%x1f%s%n%b%x1e e284a6f14e7e0f32fb65066c97ff1ae16aca93f7..HEAD
Merged SHA a5fcb24e3ce2872db6bcc59c6bdbadb2f159d052 with commit message 'chore: Promote bdd-nh-1584873673 to version 0.0.1' into base branch master

Showing logs for build [32mcb-kubecd-environment-pr-187-65-hcxx8-1[0m stage [32mfrom-build-pack[0m and container [32mstep-build-helm-build[0m
WARNING: No $CHART_REPOSITORY defined so using the default value of: http://jenkins-x-chartmuseum:8080
Adding missing Helm repo: storage.googleapis.com https://storage.googleapis.com/chartmuseum.jenkins-x.io
WARNING: No secrets found on "helm/repos" due: reading the secret "helm/repos" from vault: no secret "helm/repos" not found in vault
Read credentials for https://storage.googleapis.com/chartmuseum.jenkins-x.io from vault helm/repos
Successfully added Helm repository storage.googleapis.com.
Adding missing Helm repo: jenkins-x-chartmuseum http://jenkins-x-chartmuseum:8080
WARNING: No secrets found on "helm/repos" due: reading the secret "helm/repos" from vault: no secret "helm/repos" not found in vault
Read credentials for http://jenkins-x-chartmuseum:8080 from vault helm/repos
Successfully added Helm repository jenkins-x-chartmuseum.
WARNING: No $CHART_REPOSITORY defined so using the default value of: http://jenkins-x-chartmuseum:8080
Adding missing Helm repo: chartmuseum.jenkins-x.io http://chartmuseum.jenkins-x.io
WARNING: No secrets found on "helm/repos" due: reading the secret "helm/repos" from vault: no secret "helm/repos" not found in vault
Read credentials for http://chartmuseum.jenkins-x.io from vault helm/repos
Successfully added Helm repository chartmuseum.jenkins-x.io.
