
Showing logs for build [32mcb-kubecd-environment-pr-187-65-w5xpb-1[0m stage [32mfrom-build-pack[0m and container [32mstep-credential-initializer-bbj5s[0m
{"level":"warn","ts":1584874577.171971,"logger":"fallback-logger","caller":"logging/config.go:69","msg":"Fetch GitHub commit ID from kodata failed: \"ref: refs/heads/0.8.0-**-support-backwards-incompats\" is not a valid GitHub commit ID"}
{"level":"info","ts":1584874577.172896,"logger":"fallback-logger","caller":"creds-init/main.go:40","msg":"Credentials initialized."}

Showing logs for build [32mcb-kubecd-environment-pr-187-65-w5xpb-1[0m stage [32mfrom-build-pack[0m and container [32mstep-working-dir-initializer-87v8k[0m
{"level":"warn","ts":1584874578.6900454,"logger":"fallback-logger","caller":"logging/config.go:69","msg":"Fetch GitHub commit ID from kodata failed: open /var/run/ko/HEAD: no such file or directory"}
{"level":"info","ts":1584874578.6930587,"logger":"fallback-logger","caller":"bash/main.go:64","msg":"Successfully executed command \"sh -c mkdir -p /workspace/source\"; output "}

Showing logs for build [32mcb-kubecd-environment-pr-187-65-w5xpb-1[0m stage [32mfrom-build-pack[0m and container [32mstep-place-tools[0m

Showing logs for build [32mcb-kubecd-environment-pr-187-65-w5xpb-1[0m stage [32mfrom-build-pack[0m and container [32mstep-git-source-cb-kubecd-environment-pr-187-65-w5xpb-r8zsh[0m
{"level":"warn","ts":1584874583.9814014,"logger":"fallback-logger","caller":"logging/config.go:69","msg":"Fetch GitHub commit ID from kodata failed: \"ref: refs/heads/0.8.0-**-support-backwards-incompats\" is not a valid GitHub commit ID"}
{"level":"info","ts":1584874585.1352077,"logger":"fallback-logger","caller":"git/git.go:103","msg":"Successfully cloned https://github.com/cb-kubecd/environment-pr-187-65-boot-gke-staging.git @ master in path /workspace/source"}

Showing logs for build [32mcb-kubecd-environment-pr-187-65-w5xpb-1[0m stage [32mfrom-build-pack[0m and container [32mstep-git-merge[0m
Using SHAs from PULL_REFS=master:1a31f6dd07ad616c1dec535cd33e2470055845e4,3:d1e06586ce7620040bb004e15bc35a77ead2955c
DEBUG: LC_ALL=C JX_LOG_LEVEL=error git fetch origin --unshallow d1e06586ce7620040bb004e15bc35a77ead2955c: 1a31f6dd07ad616c1dec535cd33e2470055845e4:
DEBUG: ran git fetch --unshallow origin d1e06586ce7620040bb004e15bc35a77ead2955c: 1a31f6dd07ad616c1dec535cd33e2470055845e4: in 
DEBUG: LC_ALL=C JX_LOG_LEVEL=error git branch
DEBUG: LC_ALL=C JX_LOG_LEVEL=error git checkout master
DEBUG: ran git checkout master in 
DEBUG: LC_ALL=C JX_LOG_LEVEL=error git reset --hard 1a31f6dd07ad616c1dec535cd33e2470055845e4
DEBUG: ran git reset --hard 1a31f6dd07ad616c1dec535cd33e2470055845e4 in 
DEBUG: LC_ALL=C JX_LOG_LEVEL=error git clean -fd .
DEBUG: ran clean --force -d . in 
DEBUG: LC_ALL=C JX_LOG_LEVEL=error git merge d1e06586ce7620040bb004e15bc35a77ead2955c
DEBUG: ran git merge d1e06586ce7620040bb004e15bc35a77ead2955c in 
DEBUG: LC_ALL=C JX_LOG_LEVEL=error git log --format=%H%x1f%an%x1f%ae%x1f%cn%x1f%ce%x1f%s%n%b%x1e 1a31f6dd07ad616c1dec535cd33e2470055845e4..HEAD
Merged SHA d1e06586ce7620040bb004e15bc35a77ead2955c with commit message 'chore: Promote bdd-gh-1584873673 to version 0.0.1' into base branch master

Showing logs for build [32mcb-kubecd-environment-pr-187-65-w5xpb-1[0m stage [32mfrom-build-pack[0m and container [32mstep-build-helm-build[0m
WARNING: No $CHART_REPOSITORY defined so using the default value of: http://jenkins-x-chartmuseum:8080
Adding missing Helm repo: storage.googleapis.com https://storage.googleapis.com/chartmuseum.jenkins-x.io
WARNING: No secrets found on "helm/repos" due: reading the secret "helm/repos" from vault: no secret "helm/repos" not found in vault
Read credentials for https://storage.googleapis.com/chartmuseum.jenkins-x.io from vault helm/repos
Successfully added Helm repository storage.googleapis.com.
Adding missing Helm repo: jenkins-x-chartmuseum http://jenkins-x-chartmuseum:8080
WARNING: No secrets found on "helm/repos" due: reading the secret "helm/repos" from vault: no secret "helm/repos" not found in vault
Read credentials for http://jenkins-x-chartmuseum:8080 from vault helm/repos
Successfully added Helm repository jenkins-x-chartmuseum.
WARNING: No $CHART_REPOSITORY defined so using the default value of: http://jenkins-x-chartmuseum:8080
Adding missing Helm repo: chartmuseum.jenkins-x.io http://chartmuseum.jenkins-x.io
WARNING: No secrets found on "helm/repos" due: reading the secret "helm/repos" from vault: no secret "helm/repos" not found in vault
Read credentials for http://chartmuseum.jenkins-x.io from vault helm/repos
Successfully added Helm repository chartmuseum.jenkins-x.io.
